[2023/12/21 17:31:20][INFO][][0] 工作路径已切换到 C:\Users\20831\Desktop\rpa\novel-rpa\
[2023/12/21 17:31:20][INFO][main.prj][0] 流程 main.prj 开始运行
[2023/12/21 17:31:20][INFO][main.prj][0] 进入流程块“小说搜索”
[2023/12/21 17:31:20][INFO][noval_search.task][3] -------开始----------
[2023/12/21 17:31:32][INFO][noval_search.task][9] 对小说名进行搜索并判断是否在小说详情页
[2023/12/21 17:31:35][INFO][noval_search.task][28] 小说列表页先进行名称判断然后进行页面访问
[2023/12/21 17:31:35][INFO][main.prj][0] 进入流程块“小说章节”
[2023/12/21 17:31:37][INFO][noval_chapter.task][3] 等待页面加载完毕
[2023/12/21 17:31:37][INFO][noval_chapter.task][5] 获取小说章节
[2023/12/21 17:31:39][INFO][noval_chapter.task][11] 判断有无小说内容并保存到数据库
[2023/12/21 17:31:42][INFO][noval_chapter.task][11] 判断有无小说内容并保存到数据库
[2023/12/21 17:31:44][INFO][noval_chapter.task][11] 判断有无小说内容并保存到数据库
[2023/12/21 17:31:47][INFO][noval_chapter.task][11] 判断有无小说内容并保存到数据库
[2023/12/21 17:31:50][INFO][noval_chapter.task][11] 判断有无小说内容并保存到数据库
[2023/12/21 17:31:52][INFO][noval_chapter.task][11] 判断有无小说内容并保存到数据库
[2023/12/21 17:31:55][INFO][noval_chapter.task][11] 判断有无小说内容并保存到数据库
[2023/12/21 17:31:58][INFO][noval_chapter.task][11] 判断有无小说内容并保存到数据库
[2023/12/21 17:32:01][INFO][noval_chapter.task][11] 判断有无小说内容并保存到数据库
[2023/12/21 17:32:04][INFO][noval_chapter.task][11] 判断有无小说内容并保存到数据库
[2023/12/21 17:32:07][INFO][noval_chapter.task][11] 判断有无小说内容并保存到数据库
[2023/12/21 17:32:10][INFO][noval_chapter.task][11] 判断有无小说内容并保存到数据库
[2023/12/21 17:32:12][INFO][noval_chapter.task][11] 判断有无小说内容并保存到数据库
[2023/12/21 17:32:15][INFO][noval_chapter.task][11] 判断有无小说内容并保存到数据库
[2023/12/21 17:32:18][INFO][noval_chapter.task][11] 判断有无小说内容并保存到数据库
[2023/12/21 17:32:21][INFO][noval_chapter.task][11] 判断有无小说内容并保存到数据库
[2023/12/21 17:32:24][INFO][noval_chapter.task][11] 判断有无小说内容并保存到数据库
[2023/12/21 17:32:27][INFO][noval_chapter.task][11] 判断有无小说内容并保存到数据库
[2023/12/21 17:32:29][INFO][noval_chapter.task][11] 判断有无小说内容并保存到数据库
[2023/12/21 17:32:32][INFO][noval_chapter.task][11] 判断有无小说内容并保存到数据库
[2023/12/21 17:32:35][INFO][noval_chapter.task][11] 判断有无小说内容并保存到数据库
[2023/12/21 17:32:38][INFO][noval_chapter.task][11] 判断有无小说内容并保存到数据库
[2023/12/21 17:32:41][INFO][noval_chapter.task][11] 判断有无小说内容并保存到数据库
[2023/12/21 17:32:44][INFO][noval_chapter.task][11] 判断有无小说内容并保存到数据库
[2023/12/21 17:32:47][INFO][noval_chapter.task][11] 判断有无小说内容并保存到数据库
[2023/12/21 17:32:50][INFO][noval_chapter.task][11] 判断有无小说内容并保存到数据库
[2023/12/21 17:32:53][INFO][noval_chapter.task][11] 判断有无小说内容并保存到数据库
[2023/12/21 17:32:56][INFO][noval_chapter.task][11] 判断有无小说内容并保存到数据库
[2023/12/21 17:32:59][INFO][noval_chapter.task][11] 判断有无小说内容并保存到数据库
[2023/12/21 17:33:01][INFO][noval_chapter.task][11] 判断有无小说内容并保存到数据库
[2023/12/21 17:33:04][INFO][noval_chapter.task][11] 判断有无小说内容并保存到数据库
[2023/12/21 17:33:07][INFO][noval_chapter.task][11] 判断有无小说内容并保存到数据库
[2023/12/21 17:33:10][INFO][noval_chapter.task][11] 判断有无小说内容并保存到数据库
[2023/12/21 17:33:13][INFO][noval_chapter.task][11] 判断有无小说内容并保存到数据库
[2023/12/21 17:33:16][INFO][noval_chapter.task][11] 判断有无小说内容并保存到数据库
[2023/12/21 17:33:19][INFO][noval_chapter.task][11] 判断有无小说内容并保存到数据库
[2023/12/21 17:33:22][INFO][noval_chapter.task][11] 判断有无小说内容并保存到数据库
[2023/12/21 17:33:25][INFO][noval_chapter.task][11] 判断有无小说内容并保存到数据库
[2023/12/21 17:33:28][INFO][noval_chapter.task][11] 判断有无小说内容并保存到数据库
[2023/12/21 17:33:30][INFO][noval_chapter.task][11] 判断有无小说内容并保存到数据库
[2023/12/21 17:33:31][ERROR][noval_chapter.task][20] 运行发生错误，流程中止
错误信息如下：
noval_chapter.task 第20行：模块 Database.ExecuteBatchSQL 命令出错：ExecuteBatchSQL 异常：
None不合法，SQL语句参数只能是[[]]形式的二维数组
[2023/12/21 17:33:31][INFO][main.prj][0] C:\Users\20831\Desktop\rpa\novel-rpa\main.prj 运行已结束
